<?xml version="1.0" encoding="UTF-8"?>
<testsuite xmlns:xsi="http://www.w3.org/2001/XMLSchema-instance" xsi:noNamespaceSchemaLocation="https://maven.apache.org/surefire/maven-surefire-plugin/xsd/surefire-test-report.xsd" version="3.0.1" name="org.louploup.AppTest" time="0.029" tests="1" errors="0" skipped="0" failures="0">
  <properties>
    <property name="java.specification.version" value="24"/>
    <property name="sun.cpu.isalist" value="amd64"/>
    <property name="sun.jnu.encoding" value="GBK"/>
    <property name="java.class.path" value="D:\Dev_Projects\Copilot_Projects\book-search\target\test-classes;D:\Dev_Projects\Copilot_Projects\book-search\target\classes;D:\Dev_Tools\Maven\apache-maven-3.9.6\mvn_repo\org\junit\jupiter\junit-jupiter-api\5.11.0\junit-jupiter-api-5.11.0.jar;D:\Dev_Tools\Maven\apache-maven-3.9.6\mvn_repo\org\opentest4j\opentest4j\1.3.0\opentest4j-1.3.0.jar;D:\Dev_Tools\Maven\apache-maven-3.9.6\mvn_repo\org\junit\platform\junit-platform-commons\1.11.0\junit-platform-commons-1.11.0.jar;D:\Dev_Tools\Maven\apache-maven-3.9.6\mvn_repo\org\apiguardian\apiguardian-api\1.1.2\apiguardian-api-1.1.2.jar;D:\Dev_Tools\Maven\apache-maven-3.9.6\mvn_repo\org\junit\jupiter\junit-jupiter-params\5.11.0\junit-jupiter-params-5.11.0.jar;D:\Dev_Tools\Maven\apache-maven-3.9.6\mvn_repo\org\springframework\boot\spring-boot-starter-web\3.2.6\spring-boot-starter-web-3.2.6.jar;D:\Dev_Tools\Maven\apache-maven-3.9.6\mvn_repo\org\springframework\boot\spring-boot-starter\3.2.6\spring-boot-starter-3.2.6.jar;D:\Dev_Tools\Maven\apache-maven-3.9.6\mvn_repo\org\springframework\boot\spring-boot\3.2.6\spring-boot-3.2.6.jar;D:\Dev_Tools\Maven\apache-maven-3.9.6\mvn_repo\org\springframework\boot\spring-boot-autoconfigure\3.2.6\spring-boot-autoconfigure-3.2.6.jar;D:\Dev_Tools\Maven\apache-maven-3.9.6\mvn_repo\org\springframework\boot\spring-boot-starter-logging\3.2.6\spring-boot-starter-logging-3.2.6.jar;D:\Dev_Tools\Maven\apache-maven-3.9.6\mvn_repo\ch\qos\logback\logback-classic\1.4.14\logback-classic-1.4.14.jar;D:\Dev_Tools\Maven\apache-maven-3.9.6\mvn_repo\ch\qos\logback\logback-core\1.4.14\logback-core-1.4.14.jar;D:\Dev_Tools\Maven\apache-maven-3.9.6\mvn_repo\org\apache\logging\log4j\log4j-to-slf4j\2.21.1\log4j-to-slf4j-2.21.1.jar;D:\Dev_Tools\Maven\apache-maven-3.9.6\mvn_repo\org\apache\logging\log4j\log4j-api\2.21.1\log4j-api-2.21.1.jar;D:\Dev_Tools\Maven\apache-maven-3.9.6\mvn_repo\org\slf4j\jul-to-slf4j\2.0.13\jul-to-slf4j-2.0.13.jar;D:\Dev_Tools\Maven\apache-maven-3.9.6\mvn_repo\jakarta\annotation\jakarta.annotation-api\2.1.1\jakarta.annotation-api-2.1.1.jar;D:\Dev_Tools\Maven\apache-maven-3.9.6\mvn_repo\org\yaml\snakeyaml\2.2\snakeyaml-2.2.jar;D:\Dev_Tools\Maven\apache-maven-3.9.6\mvn_repo\org\springframework\boot\spring-boot-starter-json\3.2.6\spring-boot-starter-json-3.2.6.jar;D:\Dev_Tools\Maven\apache-maven-3.9.6\mvn_repo\com\fasterxml\jackson\core\jackson-databind\2.15.4\jackson-databind-2.15.4.jar;D:\Dev_Tools\Maven\apache-maven-3.9.6\mvn_repo\com\fasterxml\jackson\core\jackson-annotations\2.15.4\jackson-annotations-2.15.4.jar;D:\Dev_Tools\Maven\apache-maven-3.9.6\mvn_repo\com\fasterxml\jackson\core\jackson-core\2.15.4\jackson-core-2.15.4.jar;D:\Dev_Tools\Maven\apache-maven-3.9.6\mvn_repo\com\fasterxml\jackson\datatype\jackson-datatype-jdk8\2.15.4\jackson-datatype-jdk8-2.15.4.jar;D:\Dev_Tools\Maven\apache-maven-3.9.6\mvn_repo\com\fasterxml\jackson\datatype\jackson-datatype-jsr310\2.15.4\jackson-datatype-jsr310-2.15.4.jar;D:\Dev_Tools\Maven\apache-maven-3.9.6\mvn_repo\com\fasterxml\jackson\module\jackson-module-parameter-names\2.15.4\jackson-module-parameter-names-2.15.4.jar;D:\Dev_Tools\Maven\apache-maven-3.9.6\mvn_repo\org\springframework\boot\spring-boot-starter-tomcat\3.2.6\spring-boot-starter-tomcat-3.2.6.jar;D:\Dev_Tools\Maven\apache-maven-3.9.6\mvn_repo\org\apache\tomcat\embed\tomcat-embed-core\10.1.24\tomcat-embed-core-10.1.24.jar;D:\Dev_Tools\Maven\apache-maven-3.9.6\mvn_repo\org\apache\tomcat\embed\tomcat-embed-el\10.1.24\tomcat-embed-el-10.1.24.jar;D:\Dev_Tools\Maven\apache-maven-3.9.6\mvn_repo\org\apache\tomcat\embed\tomcat-embed-websocket\10.1.24\tomcat-embed-websocket-10.1.24.jar;D:\Dev_Tools\Maven\apache-maven-3.9.6\mvn_repo\org\springframework\spring-web\6.1.8\spring-web-6.1.8.jar;D:\Dev_Tools\Maven\apache-maven-3.9.6\mvn_repo\org\springframework\spring-beans\6.1.8\spring-beans-6.1.8.jar;D:\Dev_Tools\Maven\apache-maven-3.9.6\mvn_repo\io\micrometer\micrometer-observation\1.12.6\micrometer-observation-1.12.6.jar;D:\Dev_Tools\Maven\apache-maven-3.9.6\mvn_repo\io\micrometer\micrometer-commons\1.12.6\micrometer-commons-1.12.6.jar;D:\Dev_Tools\Maven\apache-maven-3.9.6\mvn_repo\org\springframework\spring-webmvc\6.1.8\spring-webmvc-6.1.8.jar;D:\Dev_Tools\Maven\apache-maven-3.9.6\mvn_repo\org\springframework\spring-aop\6.1.8\spring-aop-6.1.8.jar;D:\Dev_Tools\Maven\apache-maven-3.9.6\mvn_repo\org\springframework\spring-context\6.1.8\spring-context-6.1.8.jar;D:\Dev_Tools\Maven\apache-maven-3.9.6\mvn_repo\org\springframework\spring-expression\6.1.8\spring-expression-6.1.8.jar;D:\Dev_Tools\Maven\apache-maven-3.9.6\mvn_repo\org\springframework\boot\spring-boot-starter-test\3.2.6\spring-boot-starter-test-3.2.6.jar;D:\Dev_Tools\Maven\apache-maven-3.9.6\mvn_repo\org\springframework\boot\spring-boot-test\3.2.6\spring-boot-test-3.2.6.jar;D:\Dev_Tools\Maven\apache-maven-3.9.6\mvn_repo\org\springframework\boot\spring-boot-test-autoconfigure\3.2.6\spring-boot-test-autoconfigure-3.2.6.jar;D:\Dev_Tools\Maven\apache-maven-3.9.6\mvn_repo\com\jayway\jsonpath\json-path\2.9.0\json-path-2.9.0.jar;D:\Dev_Tools\Maven\apache-maven-3.9.6\mvn_repo\org\slf4j\slf4j-api\2.0.13\slf4j-api-2.0.13.jar;D:\Dev_Tools\Maven\apache-maven-3.9.6\mvn_repo\jakarta\xml\bind\jakarta.xml.bind-api\4.0.2\jakarta.xml.bind-api-4.0.2.jar;D:\Dev_Tools\Maven\apache-maven-3.9.6\mvn_repo\jakarta\activation\jakarta.activation-api\2.1.3\jakarta.activation-api-2.1.3.jar;D:\Dev_Tools\Maven\apache-maven-3.9.6\mvn_repo\net\minidev\json-smart\2.5.1\json-smart-2.5.1.jar;D:\Dev_Tools\Maven\apache-maven-3.9.6\mvn_repo\net\minidev\accessors-smart\2.5.1\accessors-smart-2.5.1.jar;D:\Dev_Tools\Maven\apache-maven-3.9.6\mvn_repo\org\ow2\asm\asm\9.6\asm-9.6.jar;D:\Dev_Tools\Maven\apache-maven-3.9.6\mvn_repo\org\assertj\assertj-core\3.24.2\assertj-core-3.24.2.jar;D:\Dev_Tools\Maven\apache-maven-3.9.6\mvn_repo\net\bytebuddy\byte-buddy\1.14.16\byte-buddy-1.14.16.jar;D:\Dev_Tools\Maven\apache-maven-3.9.6\mvn_repo\org\awaitility\awaitility\4.2.1\awaitility-4.2.1.jar;D:\Dev_Tools\Maven\apache-maven-3.9.6\mvn_repo\org\hamcrest\hamcrest\2.2\hamcrest-2.2.jar;D:\Dev_Tools\Maven\apache-maven-3.9.6\mvn_repo\org\junit\jupiter\junit-jupiter\5.11.0\junit-jupiter-5.11.0.jar;D:\Dev_Tools\Maven\apache-maven-3.9.6\mvn_repo\org\junit\jupiter\junit-jupiter-engine\5.11.0\junit-jupiter-engine-5.11.0.jar;D:\Dev_Tools\Maven\apache-maven-3.9.6\mvn_repo\org\junit\platform\junit-platform-engine\1.11.0\junit-platform-engine-1.11.0.jar;D:\Dev_Tools\Maven\apache-maven-3.9.6\mvn_repo\org\mockito\mockito-core\5.7.0\mockito-core-5.7.0.jar;D:\Dev_Tools\Maven\apache-maven-3.9.6\mvn_repo\net\bytebuddy\byte-buddy-agent\1.14.16\byte-buddy-agent-1.14.16.jar;D:\Dev_Tools\Maven\apache-maven-3.9.6\mvn_repo\org\objenesis\objenesis\3.3\objenesis-3.3.jar;D:\Dev_Tools\Maven\apache-maven-3.9.6\mvn_repo\org\mockito\mockito-junit-jupiter\5.7.0\mockito-junit-jupiter-5.7.0.jar;D:\Dev_Tools\Maven\apache-maven-3.9.6\mvn_repo\org\skyscreamer\jsonassert\1.5.1\jsonassert-1.5.1.jar;D:\Dev_Tools\Maven\apache-maven-3.9.6\mvn_repo\com\vaadin\external\google\android-json\0.0.20131108.vaadin1\android-json-0.0.20131108.vaadin1.jar;D:\Dev_Tools\Maven\apache-maven-3.9.6\mvn_repo\org\springframework\spring-core\6.1.8\spring-core-6.1.8.jar;D:\Dev_Tools\Maven\apache-maven-3.9.6\mvn_repo\org\springframework\spring-jcl\6.1.8\spring-jcl-6.1.8.jar;D:\Dev_Tools\Maven\apache-maven-3.9.6\mvn_repo\org\springframework\spring-test\6.1.8\spring-test-6.1.8.jar;D:\Dev_Tools\Maven\apache-maven-3.9.6\mvn_repo\org\xmlunit\xmlunit-core\2.9.1\xmlunit-core-2.9.1.jar;D:\Dev_Tools\Maven\apache-maven-3.9.6\mvn_repo\org\postgresql\postgresql\42.7.7\postgresql-42.7.7.jar;D:\Dev_Tools\Maven\apache-maven-3.9.6\mvn_repo\org\checkerframework\checker-qual\3.49.3\checker-qual-3.49.3.jar;D:\Dev_Tools\Maven\apache-maven-3.9.6\mvn_repo\com\opencsv\opencsv\5.10\opencsv-5.10.jar;D:\Dev_Tools\Maven\apache-maven-3.9.6\mvn_repo\org\apache\commons\commons-lang3\3.13.0\commons-lang3-3.13.0.jar;D:\Dev_Tools\Maven\apache-maven-3.9.6\mvn_repo\org\apache\commons\commons-text\1.13.0\commons-text-1.13.0.jar;D:\Dev_Tools\Maven\apache-maven-3.9.6\mvn_repo\commons-beanutils\commons-beanutils\1.10.0\commons-beanutils-1.10.0.jar;D:\Dev_Tools\Maven\apache-maven-3.9.6\mvn_repo\commons-logging\commons-logging\1.3.4\commons-logging-1.3.4.jar;D:\Dev_Tools\Maven\apache-maven-3.9.6\mvn_repo\commons-collections\commons-collections\3.2.2\commons-collections-3.2.2.jar;D:\Dev_Tools\Maven\apache-maven-3.9.6\mvn_repo\org\apache\commons\commons-collections4\4.4\commons-collections4-4.4.jar;"/>
    <property name="java.vm.vendor" value="Oracle Corporation"/>
    <property name="sun.arch.data.model" value="64"/>
    <property name="user.variant" value=""/>
    <property name="java.vendor.url" value="https://java.oracle.com/"/>
    <property name="user.timezone" value="America/Toronto"/>
    <property name="os.name" value="Windows 11"/>
    <property name="java.vm.specification.version" value="24"/>
    <property name="sun.java.launcher" value="SUN_STANDARD"/>
    <property name="user.country" value="CN"/>
    <property name="sun.boot.library.path" value="D:\Dev_Tools\JDKs\24\bin"/>
    <property name="sun.java.command" value="C:\Users\Louploup\AppData\Local\Temp\surefire17743991965386421173\surefirebooter-20250622000607115_3.jar C:\Users\Louploup\AppData\Local\Temp\surefire17743991965386421173 2025-06-22T00-06-06_930-jvmRun1 surefire-20250622000607115_1tmp surefire_0-20250622000607115_2tmp"/>
    <property name="jdk.debug" value="release"/>
    <property name="surefire.test.class.path" value="D:\Dev_Projects\Copilot_Projects\book-search\target\test-classes;D:\Dev_Projects\Copilot_Projects\book-search\target\classes;D:\Dev_Tools\Maven\apache-maven-3.9.6\mvn_repo\org\junit\jupiter\junit-jupiter-api\5.11.0\junit-jupiter-api-5.11.0.jar;D:\Dev_Tools\Maven\apache-maven-3.9.6\mvn_repo\org\opentest4j\opentest4j\1.3.0\opentest4j-1.3.0.jar;D:\Dev_Tools\Maven\apache-maven-3.9.6\mvn_repo\org\junit\platform\junit-platform-commons\1.11.0\junit-platform-commons-1.11.0.jar;D:\Dev_Tools\Maven\apache-maven-3.9.6\mvn_repo\org\apiguardian\apiguardian-api\1.1.2\apiguardian-api-1.1.2.jar;D:\Dev_Tools\Maven\apache-maven-3.9.6\mvn_repo\org\junit\jupiter\junit-jupiter-params\5.11.0\junit-jupiter-params-5.11.0.jar;D:\Dev_Tools\Maven\apache-maven-3.9.6\mvn_repo\org\springframework\boot\spring-boot-starter-web\3.2.6\spring-boot-starter-web-3.2.6.jar;D:\Dev_Tools\Maven\apache-maven-3.9.6\mvn_repo\org\springframework\boot\spring-boot-starter\3.2.6\spring-boot-starter-3.2.6.jar;D:\Dev_Tools\Maven\apache-maven-3.9.6\mvn_repo\org\springframework\boot\spring-boot\3.2.6\spring-boot-3.2.6.jar;D:\Dev_Tools\Maven\apache-maven-3.9.6\mvn_repo\org\springframework\boot\spring-boot-autoconfigure\3.2.6\spring-boot-autoconfigure-3.2.6.jar;D:\Dev_Tools\Maven\apache-maven-3.9.6\mvn_repo\org\springframework\boot\spring-boot-starter-logging\3.2.6\spring-boot-starter-logging-3.2.6.jar;D:\Dev_Tools\Maven\apache-maven-3.9.6\mvn_repo\ch\qos\logback\logback-classic\1.4.14\logback-classic-1.4.14.jar;D:\Dev_Tools\Maven\apache-maven-3.9.6\mvn_repo\ch\qos\logback\logback-core\1.4.14\logback-core-1.4.14.jar;D:\Dev_Tools\Maven\apache-maven-3.9.6\mvn_repo\org\apache\logging\log4j\log4j-to-slf4j\2.21.1\log4j-to-slf4j-2.21.1.jar;D:\Dev_Tools\Maven\apache-maven-3.9.6\mvn_repo\org\apache\logging\log4j\log4j-api\2.21.1\log4j-api-2.21.1.jar;D:\Dev_Tools\Maven\apache-maven-3.9.6\mvn_repo\org\slf4j\jul-to-slf4j\2.0.13\jul-to-slf4j-2.0.13.jar;D:\Dev_Tools\Maven\apache-maven-3.9.6\mvn_repo\jakarta\annotation\jakarta.annotation-api\2.1.1\jakarta.annotation-api-2.1.1.jar;D:\Dev_Tools\Maven\apache-maven-3.9.6\mvn_repo\org\yaml\snakeyaml\2.2\snakeyaml-2.2.jar;D:\Dev_Tools\Maven\apache-maven-3.9.6\mvn_repo\org\springframework\boot\spring-boot-starter-json\3.2.6\spring-boot-starter-json-3.2.6.jar;D:\Dev_Tools\Maven\apache-maven-3.9.6\mvn_repo\com\fasterxml\jackson\core\jackson-databind\2.15.4\jackson-databind-2.15.4.jar;D:\Dev_Tools\Maven\apache-maven-3.9.6\mvn_repo\com\fasterxml\jackson\core\jackson-annotations\2.15.4\jackson-annotations-2.15.4.jar;D:\Dev_Tools\Maven\apache-maven-3.9.6\mvn_repo\com\fasterxml\jackson\core\jackson-core\2.15.4\jackson-core-2.15.4.jar;D:\Dev_Tools\Maven\apache-maven-3.9.6\mvn_repo\com\fasterxml\jackson\datatype\jackson-datatype-jdk8\2.15.4\jackson-datatype-jdk8-2.15.4.jar;D:\Dev_Tools\Maven\apache-maven-3.9.6\mvn_repo\com\fasterxml\jackson\datatype\jackson-datatype-jsr310\2.15.4\jackson-datatype-jsr310-2.15.4.jar;D:\Dev_Tools\Maven\apache-maven-3.9.6\mvn_repo\com\fasterxml\jackson\module\jackson-module-parameter-names\2.15.4\jackson-module-parameter-names-2.15.4.jar;D:\Dev_Tools\Maven\apache-maven-3.9.6\mvn_repo\org\springframework\boot\spring-boot-starter-tomcat\3.2.6\spring-boot-starter-tomcat-3.2.6.jar;D:\Dev_Tools\Maven\apache-maven-3.9.6\mvn_repo\org\apache\tomcat\embed\tomcat-embed-core\10.1.24\tomcat-embed-core-10.1.24.jar;D:\Dev_Tools\Maven\apache-maven-3.9.6\mvn_repo\org\apache\tomcat\embed\tomcat-embed-el\10.1.24\tomcat-embed-el-10.1.24.jar;D:\Dev_Tools\Maven\apache-maven-3.9.6\mvn_repo\org\apache\tomcat\embed\tomcat-embed-websocket\10.1.24\tomcat-embed-websocket-10.1.24.jar;D:\Dev_Tools\Maven\apache-maven-3.9.6\mvn_repo\org\springframework\spring-web\6.1.8\spring-web-6.1.8.jar;D:\Dev_Tools\Maven\apache-maven-3.9.6\mvn_repo\org\springframework\spring-beans\6.1.8\spring-beans-6.1.8.jar;D:\Dev_Tools\Maven\apache-maven-3.9.6\mvn_repo\io\micrometer\micrometer-observation\1.12.6\micrometer-observation-1.12.6.jar;D:\Dev_Tools\Maven\apache-maven-3.9.6\mvn_repo\io\micrometer\micrometer-commons\1.12.6\micrometer-commons-1.12.6.jar;D:\Dev_Tools\Maven\apache-maven-3.9.6\mvn_repo\org\springframework\spring-webmvc\6.1.8\spring-webmvc-6.1.8.jar;D:\Dev_Tools\Maven\apache-maven-3.9.6\mvn_repo\org\springframework\spring-aop\6.1.8\spring-aop-6.1.8.jar;D:\Dev_Tools\Maven\apache-maven-3.9.6\mvn_repo\org\springframework\spring-context\6.1.8\spring-context-6.1.8.jar;D:\Dev_Tools\Maven\apache-maven-3.9.6\mvn_repo\org\springframework\spring-expression\6.1.8\spring-expression-6.1.8.jar;D:\Dev_Tools\Maven\apache-maven-3.9.6\mvn_repo\org\springframework\boot\spring-boot-starter-test\3.2.6\spring-boot-starter-test-3.2.6.jar;D:\Dev_Tools\Maven\apache-maven-3.9.6\mvn_repo\org\springframework\boot\spring-boot-test\3.2.6\spring-boot-test-3.2.6.jar;D:\Dev_Tools\Maven\apache-maven-3.9.6\mvn_repo\org\springframework\boot\spring-boot-test-autoconfigure\3.2.6\spring-boot-test-autoconfigure-3.2.6.jar;D:\Dev_Tools\Maven\apache-maven-3.9.6\mvn_repo\com\jayway\jsonpath\json-path\2.9.0\json-path-2.9.0.jar;D:\Dev_Tools\Maven\apache-maven-3.9.6\mvn_repo\org\slf4j\slf4j-api\2.0.13\slf4j-api-2.0.13.jar;D:\Dev_Tools\Maven\apache-maven-3.9.6\mvn_repo\jakarta\xml\bind\jakarta.xml.bind-api\4.0.2\jakarta.xml.bind-api-4.0.2.jar;D:\Dev_Tools\Maven\apache-maven-3.9.6\mvn_repo\jakarta\activation\jakarta.activation-api\2.1.3\jakarta.activation-api-2.1.3.jar;D:\Dev_Tools\Maven\apache-maven-3.9.6\mvn_repo\net\minidev\json-smart\2.5.1\json-smart-2.5.1.jar;D:\Dev_Tools\Maven\apache-maven-3.9.6\mvn_repo\net\minidev\accessors-smart\2.5.1\accessors-smart-2.5.1.jar;D:\Dev_Tools\Maven\apache-maven-3.9.6\mvn_repo\org\ow2\asm\asm\9.6\asm-9.6.jar;D:\Dev_Tools\Maven\apache-maven-3.9.6\mvn_repo\org\assertj\assertj-core\3.24.2\assertj-core-3.24.2.jar;D:\Dev_Tools\Maven\apache-maven-3.9.6\mvn_repo\net\bytebuddy\byte-buddy\1.14.16\byte-buddy-1.14.16.jar;D:\Dev_Tools\Maven\apache-maven-3.9.6\mvn_repo\org\awaitility\awaitility\4.2.1\awaitility-4.2.1.jar;D:\Dev_Tools\Maven\apache-maven-3.9.6\mvn_repo\org\hamcrest\hamcrest\2.2\hamcrest-2.2.jar;D:\Dev_Tools\Maven\apache-maven-3.9.6\mvn_repo\org\junit\jupiter\junit-jupiter\5.11.0\junit-jupiter-5.11.0.jar;D:\Dev_Tools\Maven\apache-maven-3.9.6\mvn_repo\org\junit\jupiter\junit-jupiter-engine\5.11.0\junit-jupiter-engine-5.11.0.jar;D:\Dev_Tools\Maven\apache-maven-3.9.6\mvn_repo\org\junit\platform\junit-platform-engine\1.11.0\junit-platform-engine-1.11.0.jar;D:\Dev_Tools\Maven\apache-maven-3.9.6\mvn_repo\org\mockito\mockito-core\5.7.0\mockito-core-5.7.0.jar;D:\Dev_Tools\Maven\apache-maven-3.9.6\mvn_repo\net\bytebuddy\byte-buddy-agent\1.14.16\byte-buddy-agent-1.14.16.jar;D:\Dev_Tools\Maven\apache-maven-3.9.6\mvn_repo\org\objenesis\objenesis\3.3\objenesis-3.3.jar;D:\Dev_Tools\Maven\apache-maven-3.9.6\mvn_repo\org\mockito\mockito-junit-jupiter\5.7.0\mockito-junit-jupiter-5.7.0.jar;D:\Dev_Tools\Maven\apache-maven-3.9.6\mvn_repo\org\skyscreamer\jsonassert\1.5.1\jsonassert-1.5.1.jar;D:\Dev_Tools\Maven\apache-maven-3.9.6\mvn_repo\com\vaadin\external\google\android-json\0.0.20131108.vaadin1\android-json-0.0.20131108.vaadin1.jar;D:\Dev_Tools\Maven\apache-maven-3.9.6\mvn_repo\org\springframework\spring-core\6.1.8\spring-core-6.1.8.jar;D:\Dev_Tools\Maven\apache-maven-3.9.6\mvn_repo\org\springframework\spring-jcl\6.1.8\spring-jcl-6.1.8.jar;D:\Dev_Tools\Maven\apache-maven-3.9.6\mvn_repo\org\springframework\spring-test\6.1.8\spring-test-6.1.8.jar;D:\Dev_Tools\Maven\apache-maven-3.9.6\mvn_repo\org\xmlunit\xmlunit-core\2.9.1\xmlunit-core-2.9.1.jar;D:\Dev_Tools\Maven\apache-maven-3.9.6\mvn_repo\org\postgresql\postgresql\42.7.7\postgresql-42.7.7.jar;D:\Dev_Tools\Maven\apache-maven-3.9.6\mvn_repo\org\checkerframework\checker-qual\3.49.3\checker-qual-3.49.3.jar;D:\Dev_Tools\Maven\apache-maven-3.9.6\mvn_repo\com\opencsv\opencsv\5.10\opencsv-5.10.jar;D:\Dev_Tools\Maven\apache-maven-3.9.6\mvn_repo\org\apache\commons\commons-lang3\3.13.0\commons-lang3-3.13.0.jar;D:\Dev_Tools\Maven\apache-maven-3.9.6\mvn_repo\org\apache\commons\commons-text\1.13.0\commons-text-1.13.0.jar;D:\Dev_Tools\Maven\apache-maven-3.9.6\mvn_repo\commons-beanutils\commons-beanutils\1.10.0\commons-beanutils-1.10.0.jar;D:\Dev_Tools\Maven\apache-maven-3.9.6\mvn_repo\commons-logging\commons-logging\1.3.4\commons-logging-1.3.4.jar;D:\Dev_Tools\Maven\apache-maven-3.9.6\mvn_repo\commons-collections\commons-collections\3.2.2\commons-collections-3.2.2.jar;D:\Dev_Tools\Maven\apache-maven-3.9.6\mvn_repo\org\apache\commons\commons-collections4\4.4\commons-collections4-4.4.jar;"/>
    <property name="sun.cpu.endian" value="little"/>
    <property name="user.home" value="C:\Users\Louploup"/>
    <property name="user.language" value="zh"/>
    <property name="java.specification.vendor" value="Oracle Corporation"/>
    <property name="java.version.date" value="2025-04-15"/>
    <property name="java.home" value="D:\Dev_Tools\JDKs\24"/>
    <property name="file.separator" value="\"/>
    <property name="basedir" value="D:\Dev_Projects\Copilot_Projects\book-search"/>
    <property name="java.vm.compressedOopsMode" value="Zero based"/>
    <property name="line.separator" value="&#10;"/>
    <property name="java.vm.specification.vendor" value="Oracle Corporation"/>
    <property name="java.specification.name" value="Java Platform API Specification"/>
    <property name="surefire.real.class.path" value="C:\Users\Louploup\AppData\Local\Temp\surefire17743991965386421173\surefirebooter-20250622000607115_3.jar"/>
    <property name="user.script" value=""/>
    <property name="sun.management.compiler" value="HotSpot 64-Bit Tiered Compilers"/>
    <property name="java.runtime.version" value="24.0.1+9-30"/>
    <property name="user.name" value="Louploup"/>
    <property name="stdout.encoding" value="GBK"/>
    <property name="path.separator" value=";"/>
    <property name="os.version" value="10.0"/>
    <property name="java.runtime.name" value="Java(TM) SE Runtime Environment"/>
    <property name="file.encoding" value="UTF-8"/>
    <property name="java.vm.name" value="Java HotSpot(TM) 64-Bit Server VM"/>
    <property name="localRepository" value="D:\Dev_Tools\Maven\apache-maven-3.9.6\mvn_repo"/>
    <property name="java.vendor.url.bug" value="https://bugreport.java.com/bugreport/"/>
    <property name="java.io.tmpdir" value="C:\Users\Louploup\AppData\Local\Temp\"/>
    <property name="java.version" value="24.0.1"/>
    <property name="user.dir" value="D:\Dev_Projects\Copilot_Projects\book-search"/>
    <property name="os.arch" value="amd64"/>
    <property name="java.vm.specification.name" value="Java Virtual Machine Specification"/>
    <property name="sun.os.patch.level" value=""/>
    <property name="native.encoding" value="GBK"/>
    <property name="java.library.path" value="D:\Dev_Tools\JDKs\24\bin;C:\WINDOWS\Sun\Java\bin;C:\WINDOWS\system32;C:\WINDOWS;D:\Dev_Tools\JDKs\jdk\bin;C:\Program Files\NVIDIA GPU Computing Toolkit\CUDA\v12.5\bin;C:\Program Files\NVIDIA GPU Computing Toolkit\CUDA\v12.5\libnvvp;C:\Program Files\Common Files\Oracle\Java\javapath;C:\Windows\system32;C:\Windows;C:\Windows\System32\Wbem;C:\Windows\System32\WindowsPowerShell\v1.0\;C:\Windows\System32\OpenSSH\;C:\Program Files (x86)\NVIDIA Corporation\PhysX\Common;C:\Program Files\dotnet\;D:\Dev_Tools\Maven\apache-maven-3.9.6\bin;D:\Dev_Tools\Git\cmd;C:\Program Files\NVIDIA Corporation\Nsight Compute 2024.2.0\;C:\Program Files\NVIDIA Corporation\NVIDIA app\NvDLISR;C:\WINDOWS\system32;C:\WINDOWS;C:\WINDOWS\System32\Wbem;C:\WINDOWS\System32\WindowsPowerShell\v1.0\;C:\WINDOWS\System32\OpenSSH\;D:\Dev_Tools\nodejs\;;C:\Program Files\Docker\Docker\resources\bin;D:\Dev_Tools\Python\3.10.6\Scripts\;D:\Dev_Tools\Python\3.10.6\;C:\Users\Louploup\AppData\Local\Microsoft\WindowsApps;D:\Development\IntelliJ IDEA 2023.3.3\bin;;D:\Dev_Tools\Microsoft VS Code\bin;C:\Users\Louploup\AppData\Local\GitHubDesktop\bin;D:\Dev_Tools\MongoDB\Shell\;C:\Users\Louploup\AppData\Roaming\npm;D:\Dev_Tools\Microsoft VS Code Insiders\bin;c:\Users\Louploup\AppData\Roaming\Code - Insiders\User\globalStorage\github.copilot-chat\debugCommand;."/>
    <property name="java.vm.info" value="mixed mode, sharing"/>
    <property name="stderr.encoding" value="GBK"/>
    <property name="java.vendor" value="Oracle Corporation"/>
    <property name="java.vm.version" value="24.0.1+9-30"/>
    <property name="sun.io.unicode.encoding" value="UnicodeLittle"/>
    <property name="java.class.version" value="68.0"/>
  </properties>
  <testcase name="shouldAnswerWithTrue" classname="org.louploup.AppTest" time="0.016"/>
</testsuite>