<?xml version="1.0" encoding="UTF-8"?>
<testsuite xmlns:xsi="http://www.w3.org/2001/XMLSchema-instance" xsi:noNamespaceSchemaLocation="https://maven.apache.org/surefire/maven-surefire-plugin/xsd/surefire-test-report.xsd" version="3.0.1" name="org.louploup.controller.BookControllerTest" time="3.458" tests="1" errors="1" skipped="0" failures="0">
  <properties>
    <property name="java.specification.version" value="24"/>
    <property name="sun.cpu.isalist" value="amd64"/>
    <property name="sun.jnu.encoding" value="UTF-8"/>
    <property name="java.class.path" value="D:\Dev_Projects\Copilot_Projects\book-search\target\test-classes;D:\Dev_Projects\Copilot_Projects\book-search\target\classes;D:\Dev_Tools\Maven\apache-maven-3.9.6\mvn_repo\org\junit\jupiter\junit-jupiter-api\5.11.0\junit-jupiter-api-5.11.0.jar;D:\Dev_Tools\Maven\apache-maven-3.9.6\mvn_repo\org\opentest4j\opentest4j\1.3.0\opentest4j-1.3.0.jar;D:\Dev_Tools\Maven\apache-maven-3.9.6\mvn_repo\org\junit\platform\junit-platform-commons\1.11.0\junit-platform-commons-1.11.0.jar;D:\Dev_Tools\Maven\apache-maven-3.9.6\mvn_repo\org\apiguardian\apiguardian-api\1.1.2\apiguardian-api-1.1.2.jar;D:\Dev_Tools\Maven\apache-maven-3.9.6\mvn_repo\org\junit\jupiter\junit-jupiter-params\5.11.0\junit-jupiter-params-5.11.0.jar;D:\Dev_Tools\Maven\apache-maven-3.9.6\mvn_repo\org\springframework\boot\spring-boot-starter-web\3.2.6\spring-boot-starter-web-3.2.6.jar;D:\Dev_Tools\Maven\apache-maven-3.9.6\mvn_repo\org\springframework\boot\spring-boot-starter\3.2.6\spring-boot-starter-3.2.6.jar;D:\Dev_Tools\Maven\apache-maven-3.9.6\mvn_repo\org\springframework\boot\spring-boot\3.2.6\spring-boot-3.2.6.jar;D:\Dev_Tools\Maven\apache-maven-3.9.6\mvn_repo\org\springframework\boot\spring-boot-autoconfigure\3.2.6\spring-boot-autoconfigure-3.2.6.jar;D:\Dev_Tools\Maven\apache-maven-3.9.6\mvn_repo\org\springframework\boot\spring-boot-starter-logging\3.2.6\spring-boot-starter-logging-3.2.6.jar;D:\Dev_Tools\Maven\apache-maven-3.9.6\mvn_repo\ch\qos\logback\logback-classic\1.4.14\logback-classic-1.4.14.jar;D:\Dev_Tools\Maven\apache-maven-3.9.6\mvn_repo\ch\qos\logback\logback-core\1.4.14\logback-core-1.4.14.jar;D:\Dev_Tools\Maven\apache-maven-3.9.6\mvn_repo\org\apache\logging\log4j\log4j-to-slf4j\2.21.1\log4j-to-slf4j-2.21.1.jar;D:\Dev_Tools\Maven\apache-maven-3.9.6\mvn_repo\org\apache\logging\log4j\log4j-api\2.21.1\log4j-api-2.21.1.jar;D:\Dev_Tools\Maven\apache-maven-3.9.6\mvn_repo\org\slf4j\jul-to-slf4j\2.0.13\jul-to-slf4j-2.0.13.jar;D:\Dev_Tools\Maven\apache-maven-3.9.6\mvn_repo\jakarta\annotation\jakarta.annotation-api\2.1.1\jakarta.annotation-api-2.1.1.jar;D:\Dev_Tools\Maven\apache-maven-3.9.6\mvn_repo\org\yaml\snakeyaml\2.2\snakeyaml-2.2.jar;D:\Dev_Tools\Maven\apache-maven-3.9.6\mvn_repo\org\springframework\boot\spring-boot-starter-json\3.2.6\spring-boot-starter-json-3.2.6.jar;D:\Dev_Tools\Maven\apache-maven-3.9.6\mvn_repo\com\fasterxml\jackson\core\jackson-databind\2.15.4\jackson-databind-2.15.4.jar;D:\Dev_Tools\Maven\apache-maven-3.9.6\mvn_repo\com\fasterxml\jackson\core\jackson-annotations\2.15.4\jackson-annotations-2.15.4.jar;D:\Dev_Tools\Maven\apache-maven-3.9.6\mvn_repo\com\fasterxml\jackson\core\jackson-core\2.15.4\jackson-core-2.15.4.jar;D:\Dev_Tools\Maven\apache-maven-3.9.6\mvn_repo\com\fasterxml\jackson\datatype\jackson-datatype-jdk8\2.15.4\jackson-datatype-jdk8-2.15.4.jar;D:\Dev_Tools\Maven\apache-maven-3.9.6\mvn_repo\com\fasterxml\jackson\datatype\jackson-datatype-jsr310\2.15.4\jackson-datatype-jsr310-2.15.4.jar;D:\Dev_Tools\Maven\apache-maven-3.9.6\mvn_repo\com\fasterxml\jackson\module\jackson-module-parameter-names\2.15.4\jackson-module-parameter-names-2.15.4.jar;D:\Dev_Tools\Maven\apache-maven-3.9.6\mvn_repo\org\springframework\boot\spring-boot-starter-tomcat\3.2.6\spring-boot-starter-tomcat-3.2.6.jar;D:\Dev_Tools\Maven\apache-maven-3.9.6\mvn_repo\org\apache\tomcat\embed\tomcat-embed-core\10.1.24\tomcat-embed-core-10.1.24.jar;D:\Dev_Tools\Maven\apache-maven-3.9.6\mvn_repo\org\apache\tomcat\embed\tomcat-embed-el\10.1.24\tomcat-embed-el-10.1.24.jar;D:\Dev_Tools\Maven\apache-maven-3.9.6\mvn_repo\org\apache\tomcat\embed\tomcat-embed-websocket\10.1.24\tomcat-embed-websocket-10.1.24.jar;D:\Dev_Tools\Maven\apache-maven-3.9.6\mvn_repo\org\springframework\spring-web\6.1.8\spring-web-6.1.8.jar;D:\Dev_Tools\Maven\apache-maven-3.9.6\mvn_repo\org\springframework\spring-beans\6.1.8\spring-beans-6.1.8.jar;D:\Dev_Tools\Maven\apache-maven-3.9.6\mvn_repo\io\micrometer\micrometer-observation\1.12.6\micrometer-observation-1.12.6.jar;D:\Dev_Tools\Maven\apache-maven-3.9.6\mvn_repo\io\micrometer\micrometer-commons\1.12.6\micrometer-commons-1.12.6.jar;D:\Dev_Tools\Maven\apache-maven-3.9.6\mvn_repo\org\springframework\spring-webmvc\6.1.8\spring-webmvc-6.1.8.jar;D:\Dev_Tools\Maven\apache-maven-3.9.6\mvn_repo\org\springframework\spring-aop\6.1.8\spring-aop-6.1.8.jar;D:\Dev_Tools\Maven\apache-maven-3.9.6\mvn_repo\org\springframework\spring-context\6.1.8\spring-context-6.1.8.jar;D:\Dev_Tools\Maven\apache-maven-3.9.6\mvn_repo\org\springframework\spring-expression\6.1.8\spring-expression-6.1.8.jar;D:\Dev_Tools\Maven\apache-maven-3.9.6\mvn_repo\org\springframework\boot\spring-boot-starter-test\3.2.6\spring-boot-starter-test-3.2.6.jar;D:\Dev_Tools\Maven\apache-maven-3.9.6\mvn_repo\org\springframework\boot\spring-boot-test\3.2.6\spring-boot-test-3.2.6.jar;D:\Dev_Tools\Maven\apache-maven-3.9.6\mvn_repo\org\springframework\boot\spring-boot-test-autoconfigure\3.2.6\spring-boot-test-autoconfigure-3.2.6.jar;D:\Dev_Tools\Maven\apache-maven-3.9.6\mvn_repo\com\jayway\jsonpath\json-path\2.9.0\json-path-2.9.0.jar;D:\Dev_Tools\Maven\apache-maven-3.9.6\mvn_repo\org\slf4j\slf4j-api\2.0.13\slf4j-api-2.0.13.jar;D:\Dev_Tools\Maven\apache-maven-3.9.6\mvn_repo\jakarta\xml\bind\jakarta.xml.bind-api\4.0.2\jakarta.xml.bind-api-4.0.2.jar;D:\Dev_Tools\Maven\apache-maven-3.9.6\mvn_repo\jakarta\activation\jakarta.activation-api\2.1.3\jakarta.activation-api-2.1.3.jar;D:\Dev_Tools\Maven\apache-maven-3.9.6\mvn_repo\net\minidev\json-smart\2.5.1\json-smart-2.5.1.jar;D:\Dev_Tools\Maven\apache-maven-3.9.6\mvn_repo\net\minidev\accessors-smart\2.5.1\accessors-smart-2.5.1.jar;D:\Dev_Tools\Maven\apache-maven-3.9.6\mvn_repo\org\ow2\asm\asm\9.6\asm-9.6.jar;D:\Dev_Tools\Maven\apache-maven-3.9.6\mvn_repo\org\assertj\assertj-core\3.24.2\assertj-core-3.24.2.jar;D:\Dev_Tools\Maven\apache-maven-3.9.6\mvn_repo\net\bytebuddy\byte-buddy\1.14.16\byte-buddy-1.14.16.jar;D:\Dev_Tools\Maven\apache-maven-3.9.6\mvn_repo\org\awaitility\awaitility\4.2.1\awaitility-4.2.1.jar;D:\Dev_Tools\Maven\apache-maven-3.9.6\mvn_repo\org\hamcrest\hamcrest\2.2\hamcrest-2.2.jar;D:\Dev_Tools\Maven\apache-maven-3.9.6\mvn_repo\org\junit\jupiter\junit-jupiter\5.11.0\junit-jupiter-5.11.0.jar;D:\Dev_Tools\Maven\apache-maven-3.9.6\mvn_repo\org\junit\jupiter\junit-jupiter-engine\5.11.0\junit-jupiter-engine-5.11.0.jar;D:\Dev_Tools\Maven\apache-maven-3.9.6\mvn_repo\org\junit\platform\junit-platform-engine\1.11.0\junit-platform-engine-1.11.0.jar;D:\Dev_Tools\Maven\apache-maven-3.9.6\mvn_repo\org\mockito\mockito-core\5.7.0\mockito-core-5.7.0.jar;D:\Dev_Tools\Maven\apache-maven-3.9.6\mvn_repo\net\bytebuddy\byte-buddy-agent\1.14.16\byte-buddy-agent-1.14.16.jar;D:\Dev_Tools\Maven\apache-maven-3.9.6\mvn_repo\org\objenesis\objenesis\3.3\objenesis-3.3.jar;D:\Dev_Tools\Maven\apache-maven-3.9.6\mvn_repo\org\mockito\mockito-junit-jupiter\5.7.0\mockito-junit-jupiter-5.7.0.jar;D:\Dev_Tools\Maven\apache-maven-3.9.6\mvn_repo\org\skyscreamer\jsonassert\1.5.1\jsonassert-1.5.1.jar;D:\Dev_Tools\Maven\apache-maven-3.9.6\mvn_repo\com\vaadin\external\google\android-json\0.0.20131108.vaadin1\android-json-0.0.20131108.vaadin1.jar;D:\Dev_Tools\Maven\apache-maven-3.9.6\mvn_repo\org\springframework\spring-core\6.1.8\spring-core-6.1.8.jar;D:\Dev_Tools\Maven\apache-maven-3.9.6\mvn_repo\org\springframework\spring-jcl\6.1.8\spring-jcl-6.1.8.jar;D:\Dev_Tools\Maven\apache-maven-3.9.6\mvn_repo\org\springframework\spring-test\6.1.8\spring-test-6.1.8.jar;D:\Dev_Tools\Maven\apache-maven-3.9.6\mvn_repo\org\xmlunit\xmlunit-core\2.9.1\xmlunit-core-2.9.1.jar;D:\Dev_Tools\Maven\apache-maven-3.9.6\mvn_repo\org\springframework\boot\spring-boot-starter-data-jpa\3.2.6\spring-boot-starter-data-jpa-3.2.6.jar;D:\Dev_Tools\Maven\apache-maven-3.9.6\mvn_repo\org\springframework\boot\spring-boot-starter-aop\3.2.6\spring-boot-starter-aop-3.2.6.jar;D:\Dev_Tools\Maven\apache-maven-3.9.6\mvn_repo\org\aspectj\aspectjweaver\1.9.22\aspectjweaver-1.9.22.jar;D:\Dev_Tools\Maven\apache-maven-3.9.6\mvn_repo\org\springframework\boot\spring-boot-starter-jdbc\3.2.6\spring-boot-starter-jdbc-3.2.6.jar;D:\Dev_Tools\Maven\apache-maven-3.9.6\mvn_repo\com\zaxxer\HikariCP\5.0.1\HikariCP-5.0.1.jar;D:\Dev_Tools\Maven\apache-maven-3.9.6\mvn_repo\org\springframework\spring-jdbc\6.1.8\spring-jdbc-6.1.8.jar;D:\Dev_Tools\Maven\apache-maven-3.9.6\mvn_repo\org\hibernate\orm\hibernate-core\6.4.8.Final\hibernate-core-6.4.8.Final.jar;D:\Dev_Tools\Maven\apache-maven-3.9.6\mvn_repo\jakarta\persistence\jakarta.persistence-api\3.1.0\jakarta.persistence-api-3.1.0.jar;D:\Dev_Tools\Maven\apache-maven-3.9.6\mvn_repo\jakarta\transaction\jakarta.transaction-api\2.0.1\jakarta.transaction-api-2.0.1.jar;D:\Dev_Tools\Maven\apache-maven-3.9.6\mvn_repo\org\jboss\logging\jboss-logging\3.5.3.Final\jboss-logging-3.5.3.Final.jar;D:\Dev_Tools\Maven\apache-maven-3.9.6\mvn_repo\org\hibernate\common\hibernate-commons-annotations\6.0.6.Final\hibernate-commons-annotations-6.0.6.Final.jar;D:\Dev_Tools\Maven\apache-maven-3.9.6\mvn_repo\io\smallrye\jandex\3.1.2\jandex-3.1.2.jar;D:\Dev_Tools\Maven\apache-maven-3.9.6\mvn_repo\com\fasterxml\classmate\1.6.0\classmate-1.6.0.jar;D:\Dev_Tools\Maven\apache-maven-3.9.6\mvn_repo\org\glassfish\jaxb\jaxb-runtime\4.0.5\jaxb-runtime-4.0.5.jar;D:\Dev_Tools\Maven\apache-maven-3.9.6\mvn_repo\org\glassfish\jaxb\jaxb-core\4.0.5\jaxb-core-4.0.5.jar;D:\Dev_Tools\Maven\apache-maven-3.9.6\mvn_repo\org\eclipse\angus\angus-activation\2.0.2\angus-activation-2.0.2.jar;D:\Dev_Tools\Maven\apache-maven-3.9.6\mvn_repo\org\glassfish\jaxb\txw2\4.0.5\txw2-4.0.5.jar;D:\Dev_Tools\Maven\apache-maven-3.9.6\mvn_repo\com\sun\istack\istack-commons-runtime\4.1.2\istack-commons-runtime-4.1.2.jar;D:\Dev_Tools\Maven\apache-maven-3.9.6\mvn_repo\jakarta\inject\jakarta.inject-api\2.0.1\jakarta.inject-api-2.0.1.jar;D:\Dev_Tools\Maven\apache-maven-3.9.6\mvn_repo\org\antlr\antlr4-runtime\4.13.0\antlr4-runtime-4.13.0.jar;D:\Dev_Tools\Maven\apache-maven-3.9.6\mvn_repo\org\springframework\data\spring-data-jpa\3.2.6\spring-data-jpa-3.2.6.jar;D:\Dev_Tools\Maven\apache-maven-3.9.6\mvn_repo\org\springframework\data\spring-data-commons\3.2.6\spring-data-commons-3.2.6.jar;D:\Dev_Tools\Maven\apache-maven-3.9.6\mvn_repo\org\springframework\spring-orm\6.1.8\spring-orm-6.1.8.jar;D:\Dev_Tools\Maven\apache-maven-3.9.6\mvn_repo\org\springframework\spring-tx\6.1.8\spring-tx-6.1.8.jar;D:\Dev_Tools\Maven\apache-maven-3.9.6\mvn_repo\org\springframework\spring-aspects\6.1.8\spring-aspects-6.1.8.jar;D:\Dev_Tools\Maven\apache-maven-3.9.6\mvn_repo\org\postgresql\postgresql\42.7.7\postgresql-42.7.7.jar;D:\Dev_Tools\Maven\apache-maven-3.9.6\mvn_repo\org\checkerframework\checker-qual\3.49.3\checker-qual-3.49.3.jar;D:\Dev_Tools\Maven\apache-maven-3.9.6\mvn_repo\com\opencsv\opencsv\5.10\opencsv-5.10.jar;D:\Dev_Tools\Maven\apache-maven-3.9.6\mvn_repo\org\apache\commons\commons-lang3\3.13.0\commons-lang3-3.13.0.jar;D:\Dev_Tools\Maven\apache-maven-3.9.6\mvn_repo\org\apache\commons\commons-text\1.13.0\commons-text-1.13.0.jar;D:\Dev_Tools\Maven\apache-maven-3.9.6\mvn_repo\commons-beanutils\commons-beanutils\1.10.0\commons-beanutils-1.10.0.jar;D:\Dev_Tools\Maven\apache-maven-3.9.6\mvn_repo\commons-logging\commons-logging\1.3.4\commons-logging-1.3.4.jar;D:\Dev_Tools\Maven\apache-maven-3.9.6\mvn_repo\commons-collections\commons-collections\3.2.2\commons-collections-3.2.2.jar;D:\Dev_Tools\Maven\apache-maven-3.9.6\mvn_repo\org\apache\commons\commons-collections4\4.4\commons-collections4-4.4.jar;"/>
    <property name="java.vm.vendor" value="Oracle Corporation"/>
    <property name="sun.arch.data.model" value="64"/>
    <property name="user.variant" value=""/>
    <property name="java.vendor.url" value="https://java.oracle.com/"/>
    <property name="catalina.useNaming" value="false"/>
    <property name="user.timezone" value="America/Toronto"/>
    <property name="org.jboss.logging.provider" value="slf4j"/>
    <property name="os.name" value="Windows 11"/>
    <property name="java.vm.specification.version" value="24"/>
    <property name="sun.java.launcher" value="SUN_STANDARD"/>
    <property name="user.country" value="CN"/>
    <property name="sun.boot.library.path" value="D:\Dev_Tools\JDKs\24\bin"/>
    <property name="sun.java.command" value="C:\Users\Louploup\AppData\Local\Temp\surefire5688497256160531908\surefirebooter-20250624013107664_3.jar C:\Users\Louploup\AppData\Local\Temp\surefire5688497256160531908 2025-06-24T01-31-07_600-jvmRun1 surefire-20250624013107664_1tmp surefire_0-20250624013107664_2tmp"/>
    <property name="jdk.debug" value="release"/>
    <property name="surefire.test.class.path" value="D:\Dev_Projects\Copilot_Projects\book-search\target\test-classes;D:\Dev_Projects\Copilot_Projects\book-search\target\classes;D:\Dev_Tools\Maven\apache-maven-3.9.6\mvn_repo\org\junit\jupiter\junit-jupiter-api\5.11.0\junit-jupiter-api-5.11.0.jar;D:\Dev_Tools\Maven\apache-maven-3.9.6\mvn_repo\org\opentest4j\opentest4j\1.3.0\opentest4j-1.3.0.jar;D:\Dev_Tools\Maven\apache-maven-3.9.6\mvn_repo\org\junit\platform\junit-platform-commons\1.11.0\junit-platform-commons-1.11.0.jar;D:\Dev_Tools\Maven\apache-maven-3.9.6\mvn_repo\org\apiguardian\apiguardian-api\1.1.2\apiguardian-api-1.1.2.jar;D:\Dev_Tools\Maven\apache-maven-3.9.6\mvn_repo\org\junit\jupiter\junit-jupiter-params\5.11.0\junit-jupiter-params-5.11.0.jar;D:\Dev_Tools\Maven\apache-maven-3.9.6\mvn_repo\org\springframework\boot\spring-boot-starter-web\3.2.6\spring-boot-starter-web-3.2.6.jar;D:\Dev_Tools\Maven\apache-maven-3.9.6\mvn_repo\org\springframework\boot\spring-boot-starter\3.2.6\spring-boot-starter-3.2.6.jar;D:\Dev_Tools\Maven\apache-maven-3.9.6\mvn_repo\org\springframework\boot\spring-boot\3.2.6\spring-boot-3.2.6.jar;D:\Dev_Tools\Maven\apache-maven-3.9.6\mvn_repo\org\springframework\boot\spring-boot-autoconfigure\3.2.6\spring-boot-autoconfigure-3.2.6.jar;D:\Dev_Tools\Maven\apache-maven-3.9.6\mvn_repo\org\springframework\boot\spring-boot-starter-logging\3.2.6\spring-boot-starter-logging-3.2.6.jar;D:\Dev_Tools\Maven\apache-maven-3.9.6\mvn_repo\ch\qos\logback\logback-classic\1.4.14\logback-classic-1.4.14.jar;D:\Dev_Tools\Maven\apache-maven-3.9.6\mvn_repo\ch\qos\logback\logback-core\1.4.14\logback-core-1.4.14.jar;D:\Dev_Tools\Maven\apache-maven-3.9.6\mvn_repo\org\apache\logging\log4j\log4j-to-slf4j\2.21.1\log4j-to-slf4j-2.21.1.jar;D:\Dev_Tools\Maven\apache-maven-3.9.6\mvn_repo\org\apache\logging\log4j\log4j-api\2.21.1\log4j-api-2.21.1.jar;D:\Dev_Tools\Maven\apache-maven-3.9.6\mvn_repo\org\slf4j\jul-to-slf4j\2.0.13\jul-to-slf4j-2.0.13.jar;D:\Dev_Tools\Maven\apache-maven-3.9.6\mvn_repo\jakarta\annotation\jakarta.annotation-api\2.1.1\jakarta.annotation-api-2.1.1.jar;D:\Dev_Tools\Maven\apache-maven-3.9.6\mvn_repo\org\yaml\snakeyaml\2.2\snakeyaml-2.2.jar;D:\Dev_Tools\Maven\apache-maven-3.9.6\mvn_repo\org\springframework\boot\spring-boot-starter-json\3.2.6\spring-boot-starter-json-3.2.6.jar;D:\Dev_Tools\Maven\apache-maven-3.9.6\mvn_repo\com\fasterxml\jackson\core\jackson-databind\2.15.4\jackson-databind-2.15.4.jar;D:\Dev_Tools\Maven\apache-maven-3.9.6\mvn_repo\com\fasterxml\jackson\core\jackson-annotations\2.15.4\jackson-annotations-2.15.4.jar;D:\Dev_Tools\Maven\apache-maven-3.9.6\mvn_repo\com\fasterxml\jackson\core\jackson-core\2.15.4\jackson-core-2.15.4.jar;D:\Dev_Tools\Maven\apache-maven-3.9.6\mvn_repo\com\fasterxml\jackson\datatype\jackson-datatype-jdk8\2.15.4\jackson-datatype-jdk8-2.15.4.jar;D:\Dev_Tools\Maven\apache-maven-3.9.6\mvn_repo\com\fasterxml\jackson\datatype\jackson-datatype-jsr310\2.15.4\jackson-datatype-jsr310-2.15.4.jar;D:\Dev_Tools\Maven\apache-maven-3.9.6\mvn_repo\com\fasterxml\jackson\module\jackson-module-parameter-names\2.15.4\jackson-module-parameter-names-2.15.4.jar;D:\Dev_Tools\Maven\apache-maven-3.9.6\mvn_repo\org\springframework\boot\spring-boot-starter-tomcat\3.2.6\spring-boot-starter-tomcat-3.2.6.jar;D:\Dev_Tools\Maven\apache-maven-3.9.6\mvn_repo\org\apache\tomcat\embed\tomcat-embed-core\10.1.24\tomcat-embed-core-10.1.24.jar;D:\Dev_Tools\Maven\apache-maven-3.9.6\mvn_repo\org\apache\tomcat\embed\tomcat-embed-el\10.1.24\tomcat-embed-el-10.1.24.jar;D:\Dev_Tools\Maven\apache-maven-3.9.6\mvn_repo\org\apache\tomcat\embed\tomcat-embed-websocket\10.1.24\tomcat-embed-websocket-10.1.24.jar;D:\Dev_Tools\Maven\apache-maven-3.9.6\mvn_repo\org\springframework\spring-web\6.1.8\spring-web-6.1.8.jar;D:\Dev_Tools\Maven\apache-maven-3.9.6\mvn_repo\org\springframework\spring-beans\6.1.8\spring-beans-6.1.8.jar;D:\Dev_Tools\Maven\apache-maven-3.9.6\mvn_repo\io\micrometer\micrometer-observation\1.12.6\micrometer-observation-1.12.6.jar;D:\Dev_Tools\Maven\apache-maven-3.9.6\mvn_repo\io\micrometer\micrometer-commons\1.12.6\micrometer-commons-1.12.6.jar;D:\Dev_Tools\Maven\apache-maven-3.9.6\mvn_repo\org\springframework\spring-webmvc\6.1.8\spring-webmvc-6.1.8.jar;D:\Dev_Tools\Maven\apache-maven-3.9.6\mvn_repo\org\springframework\spring-aop\6.1.8\spring-aop-6.1.8.jar;D:\Dev_Tools\Maven\apache-maven-3.9.6\mvn_repo\org\springframework\spring-context\6.1.8\spring-context-6.1.8.jar;D:\Dev_Tools\Maven\apache-maven-3.9.6\mvn_repo\org\springframework\spring-expression\6.1.8\spring-expression-6.1.8.jar;D:\Dev_Tools\Maven\apache-maven-3.9.6\mvn_repo\org\springframework\boot\spring-boot-starter-test\3.2.6\spring-boot-starter-test-3.2.6.jar;D:\Dev_Tools\Maven\apache-maven-3.9.6\mvn_repo\org\springframework\boot\spring-boot-test\3.2.6\spring-boot-test-3.2.6.jar;D:\Dev_Tools\Maven\apache-maven-3.9.6\mvn_repo\org\springframework\boot\spring-boot-test-autoconfigure\3.2.6\spring-boot-test-autoconfigure-3.2.6.jar;D:\Dev_Tools\Maven\apache-maven-3.9.6\mvn_repo\com\jayway\jsonpath\json-path\2.9.0\json-path-2.9.0.jar;D:\Dev_Tools\Maven\apache-maven-3.9.6\mvn_repo\org\slf4j\slf4j-api\2.0.13\slf4j-api-2.0.13.jar;D:\Dev_Tools\Maven\apache-maven-3.9.6\mvn_repo\jakarta\xml\bind\jakarta.xml.bind-api\4.0.2\jakarta.xml.bind-api-4.0.2.jar;D:\Dev_Tools\Maven\apache-maven-3.9.6\mvn_repo\jakarta\activation\jakarta.activation-api\2.1.3\jakarta.activation-api-2.1.3.jar;D:\Dev_Tools\Maven\apache-maven-3.9.6\mvn_repo\net\minidev\json-smart\2.5.1\json-smart-2.5.1.jar;D:\Dev_Tools\Maven\apache-maven-3.9.6\mvn_repo\net\minidev\accessors-smart\2.5.1\accessors-smart-2.5.1.jar;D:\Dev_Tools\Maven\apache-maven-3.9.6\mvn_repo\org\ow2\asm\asm\9.6\asm-9.6.jar;D:\Dev_Tools\Maven\apache-maven-3.9.6\mvn_repo\org\assertj\assertj-core\3.24.2\assertj-core-3.24.2.jar;D:\Dev_Tools\Maven\apache-maven-3.9.6\mvn_repo\net\bytebuddy\byte-buddy\1.14.16\byte-buddy-1.14.16.jar;D:\Dev_Tools\Maven\apache-maven-3.9.6\mvn_repo\org\awaitility\awaitility\4.2.1\awaitility-4.2.1.jar;D:\Dev_Tools\Maven\apache-maven-3.9.6\mvn_repo\org\hamcrest\hamcrest\2.2\hamcrest-2.2.jar;D:\Dev_Tools\Maven\apache-maven-3.9.6\mvn_repo\org\junit\jupiter\junit-jupiter\5.11.0\junit-jupiter-5.11.0.jar;D:\Dev_Tools\Maven\apache-maven-3.9.6\mvn_repo\org\junit\jupiter\junit-jupiter-engine\5.11.0\junit-jupiter-engine-5.11.0.jar;D:\Dev_Tools\Maven\apache-maven-3.9.6\mvn_repo\org\junit\platform\junit-platform-engine\1.11.0\junit-platform-engine-1.11.0.jar;D:\Dev_Tools\Maven\apache-maven-3.9.6\mvn_repo\org\mockito\mockito-core\5.7.0\mockito-core-5.7.0.jar;D:\Dev_Tools\Maven\apache-maven-3.9.6\mvn_repo\net\bytebuddy\byte-buddy-agent\1.14.16\byte-buddy-agent-1.14.16.jar;D:\Dev_Tools\Maven\apache-maven-3.9.6\mvn_repo\org\objenesis\objenesis\3.3\objenesis-3.3.jar;D:\Dev_Tools\Maven\apache-maven-3.9.6\mvn_repo\org\mockito\mockito-junit-jupiter\5.7.0\mockito-junit-jupiter-5.7.0.jar;D:\Dev_Tools\Maven\apache-maven-3.9.6\mvn_repo\org\skyscreamer\jsonassert\1.5.1\jsonassert-1.5.1.jar;D:\Dev_Tools\Maven\apache-maven-3.9.6\mvn_repo\com\vaadin\external\google\android-json\0.0.20131108.vaadin1\android-json-0.0.20131108.vaadin1.jar;D:\Dev_Tools\Maven\apache-maven-3.9.6\mvn_repo\org\springframework\spring-core\6.1.8\spring-core-6.1.8.jar;D:\Dev_Tools\Maven\apache-maven-3.9.6\mvn_repo\org\springframework\spring-jcl\6.1.8\spring-jcl-6.1.8.jar;D:\Dev_Tools\Maven\apache-maven-3.9.6\mvn_repo\org\springframework\spring-test\6.1.8\spring-test-6.1.8.jar;D:\Dev_Tools\Maven\apache-maven-3.9.6\mvn_repo\org\xmlunit\xmlunit-core\2.9.1\xmlunit-core-2.9.1.jar;D:\Dev_Tools\Maven\apache-maven-3.9.6\mvn_repo\org\springframework\boot\spring-boot-starter-data-jpa\3.2.6\spring-boot-starter-data-jpa-3.2.6.jar;D:\Dev_Tools\Maven\apache-maven-3.9.6\mvn_repo\org\springframework\boot\spring-boot-starter-aop\3.2.6\spring-boot-starter-aop-3.2.6.jar;D:\Dev_Tools\Maven\apache-maven-3.9.6\mvn_repo\org\aspectj\aspectjweaver\1.9.22\aspectjweaver-1.9.22.jar;D:\Dev_Tools\Maven\apache-maven-3.9.6\mvn_repo\org\springframework\boot\spring-boot-starter-jdbc\3.2.6\spring-boot-starter-jdbc-3.2.6.jar;D:\Dev_Tools\Maven\apache-maven-3.9.6\mvn_repo\com\zaxxer\HikariCP\5.0.1\HikariCP-5.0.1.jar;D:\Dev_Tools\Maven\apache-maven-3.9.6\mvn_repo\org\springframework\spring-jdbc\6.1.8\spring-jdbc-6.1.8.jar;D:\Dev_Tools\Maven\apache-maven-3.9.6\mvn_repo\org\hibernate\orm\hibernate-core\6.4.8.Final\hibernate-core-6.4.8.Final.jar;D:\Dev_Tools\Maven\apache-maven-3.9.6\mvn_repo\jakarta\persistence\jakarta.persistence-api\3.1.0\jakarta.persistence-api-3.1.0.jar;D:\Dev_Tools\Maven\apache-maven-3.9.6\mvn_repo\jakarta\transaction\jakarta.transaction-api\2.0.1\jakarta.transaction-api-2.0.1.jar;D:\Dev_Tools\Maven\apache-maven-3.9.6\mvn_repo\org\jboss\logging\jboss-logging\3.5.3.Final\jboss-logging-3.5.3.Final.jar;D:\Dev_Tools\Maven\apache-maven-3.9.6\mvn_repo\org\hibernate\common\hibernate-commons-annotations\6.0.6.Final\hibernate-commons-annotations-6.0.6.Final.jar;D:\Dev_Tools\Maven\apache-maven-3.9.6\mvn_repo\io\smallrye\jandex\3.1.2\jandex-3.1.2.jar;D:\Dev_Tools\Maven\apache-maven-3.9.6\mvn_repo\com\fasterxml\classmate\1.6.0\classmate-1.6.0.jar;D:\Dev_Tools\Maven\apache-maven-3.9.6\mvn_repo\org\glassfish\jaxb\jaxb-runtime\4.0.5\jaxb-runtime-4.0.5.jar;D:\Dev_Tools\Maven\apache-maven-3.9.6\mvn_repo\org\glassfish\jaxb\jaxb-core\4.0.5\jaxb-core-4.0.5.jar;D:\Dev_Tools\Maven\apache-maven-3.9.6\mvn_repo\org\eclipse\angus\angus-activation\2.0.2\angus-activation-2.0.2.jar;D:\Dev_Tools\Maven\apache-maven-3.9.6\mvn_repo\org\glassfish\jaxb\txw2\4.0.5\txw2-4.0.5.jar;D:\Dev_Tools\Maven\apache-maven-3.9.6\mvn_repo\com\sun\istack\istack-commons-runtime\4.1.2\istack-commons-runtime-4.1.2.jar;D:\Dev_Tools\Maven\apache-maven-3.9.6\mvn_repo\jakarta\inject\jakarta.inject-api\2.0.1\jakarta.inject-api-2.0.1.jar;D:\Dev_Tools\Maven\apache-maven-3.9.6\mvn_repo\org\antlr\antlr4-runtime\4.13.0\antlr4-runtime-4.13.0.jar;D:\Dev_Tools\Maven\apache-maven-3.9.6\mvn_repo\org\springframework\data\spring-data-jpa\3.2.6\spring-data-jpa-3.2.6.jar;D:\Dev_Tools\Maven\apache-maven-3.9.6\mvn_repo\org\springframework\data\spring-data-commons\3.2.6\spring-data-commons-3.2.6.jar;D:\Dev_Tools\Maven\apache-maven-3.9.6\mvn_repo\org\springframework\spring-orm\6.1.8\spring-orm-6.1.8.jar;D:\Dev_Tools\Maven\apache-maven-3.9.6\mvn_repo\org\springframework\spring-tx\6.1.8\spring-tx-6.1.8.jar;D:\Dev_Tools\Maven\apache-maven-3.9.6\mvn_repo\org\springframework\spring-aspects\6.1.8\spring-aspects-6.1.8.jar;D:\Dev_Tools\Maven\apache-maven-3.9.6\mvn_repo\org\postgresql\postgresql\42.7.7\postgresql-42.7.7.jar;D:\Dev_Tools\Maven\apache-maven-3.9.6\mvn_repo\org\checkerframework\checker-qual\3.49.3\checker-qual-3.49.3.jar;D:\Dev_Tools\Maven\apache-maven-3.9.6\mvn_repo\com\opencsv\opencsv\5.10\opencsv-5.10.jar;D:\Dev_Tools\Maven\apache-maven-3.9.6\mvn_repo\org\apache\commons\commons-lang3\3.13.0\commons-lang3-3.13.0.jar;D:\Dev_Tools\Maven\apache-maven-3.9.6\mvn_repo\org\apache\commons\commons-text\1.13.0\commons-text-1.13.0.jar;D:\Dev_Tools\Maven\apache-maven-3.9.6\mvn_repo\commons-beanutils\commons-beanutils\1.10.0\commons-beanutils-1.10.0.jar;D:\Dev_Tools\Maven\apache-maven-3.9.6\mvn_repo\commons-logging\commons-logging\1.3.4\commons-logging-1.3.4.jar;D:\Dev_Tools\Maven\apache-maven-3.9.6\mvn_repo\commons-collections\commons-collections\3.2.2\commons-collections-3.2.2.jar;D:\Dev_Tools\Maven\apache-maven-3.9.6\mvn_repo\org\apache\commons\commons-collections4\4.4\commons-collections4-4.4.jar;"/>
    <property name="sun.cpu.endian" value="little"/>
    <property name="user.home" value="C:\Users\Louploup"/>
    <property name="user.language" value="zh"/>
    <property name="java.specification.vendor" value="Oracle Corporation"/>
    <property name="java.version.date" value="2025-04-15"/>
    <property name="java.home" value="D:\Dev_Tools\JDKs\24"/>
    <property name="file.separator" value="\"/>
    <property name="basedir" value="D:\Dev_Projects\Copilot_Projects\book-search"/>
    <property name="java.vm.compressedOopsMode" value="Zero based"/>
    <property name="line.separator" value="&#10;"/>
    <property name="java.vm.specification.vendor" value="Oracle Corporation"/>
    <property name="java.specification.name" value="Java Platform API Specification"/>
    <property name="FILE_LOG_CHARSET" value="UTF-8"/>
    <property name="java.awt.headless" value="true"/>
    <property name="surefire.real.class.path" value="C:\Users\Louploup\AppData\Local\Temp\surefire5688497256160531908\surefirebooter-20250624013107664_3.jar"/>
    <property name="user.script" value=""/>
    <property name="sun.management.compiler" value="HotSpot 64-Bit Tiered Compilers"/>
    <property name="java.runtime.version" value="24.0.1+9-30"/>
    <property name="user.name" value="Louploup"/>
    <property name="stdout.encoding" value="UTF-8"/>
    <property name="path.separator" value=";"/>
    <property name="os.version" value="10.0"/>
    <property name="java.runtime.name" value="Java(TM) SE Runtime Environment"/>
    <property name="file.encoding" value="UTF-8"/>
    <property name="java.vm.name" value="Java HotSpot(TM) 64-Bit Server VM"/>
    <property name="localRepository" value="D:\Dev_Tools\Maven\apache-maven-3.9.6\mvn_repo"/>
    <property name="java.vendor.url.bug" value="https://bugreport.java.com/bugreport/"/>
    <property name="java.io.tmpdir" value="C:\Users\Louploup\AppData\Local\Temp\"/>
    <property name="catalina.home" value="C:\Users\Louploup\AppData\Local\Temp\tomcat.0.4025568218845657724"/>
    <property name="com.zaxxer.hikari.pool_number" value="1"/>
    <property name="java.version" value="24.0.1"/>
    <property name="user.dir" value="D:\Dev_Projects\Copilot_Projects\book-search"/>
    <property name="os.arch" value="amd64"/>
    <property name="java.vm.specification.name" value="Java Virtual Machine Specification"/>
    <property name="PID" value="19544"/>
    <property name="sun.os.patch.level" value=""/>
    <property name="CONSOLE_LOG_CHARSET" value="UTF-8"/>
    <property name="catalina.base" value="C:\Users\Louploup\AppData\Local\Temp\tomcat.0.4025568218845657724"/>
    <property name="native.encoding" value="UTF-8"/>
    <property name="java.library.path" value="D:\Dev_Tools\JDKs\24\bin;C:\WINDOWS\Sun\Java\bin;C:\WINDOWS\system32;C:\WINDOWS;D:\Dev_Tools\JDKs\jdk\bin;C:\Program Files\NVIDIA GPU Computing Toolkit\CUDA\v12.5\bin;C:\Program Files\NVIDIA GPU Computing Toolkit\CUDA\v12.5\libnvvp;C:\Program Files\Common Files\Oracle\Java\javapath;C:\Windows\system32;C:\Windows;C:\Windows\System32\Wbem;C:\Windows\System32\WindowsPowerShell\v1.0\;C:\Windows\System32\OpenSSH\;C:\Program Files (x86)\NVIDIA Corporation\PhysX\Common;C:\Program Files\dotnet\;D:\Dev_Tools\Maven\apache-maven-3.9.6\bin;D:\Dev_Tools\Git\cmd;C:\Program Files\NVIDIA Corporation\Nsight Compute 2024.2.0\;C:\Program Files\NVIDIA Corporation\NVIDIA app\NvDLISR;C:\WINDOWS\system32;C:\WINDOWS;C:\WINDOWS\System32\Wbem;C:\WINDOWS\System32\WindowsPowerShell\v1.0\;C:\WINDOWS\System32\OpenSSH\;D:\Dev_Tools\nodejs\;;C:\Program Files\Docker\Docker\resources\bin;D:\Dev_Tools\Python\3.10.6\Scripts\;D:\Dev_Tools\Python\3.10.6\;C:\Users\Louploup\AppData\Local\Microsoft\WindowsApps;D:\Development\IntelliJ IDEA 2023.3.3\bin;;D:\Dev_Tools\Microsoft VS Code\bin;C:\Users\Louploup\AppData\Local\GitHubDesktop\bin;D:\Dev_Tools\MongoDB\Shell\;C:\Users\Louploup\AppData\Roaming\npm;D:\Dev_Tools\Microsoft VS Code Insiders\bin;c:\Users\Louploup\AppData\Roaming\Code - Insiders\User\globalStorage\github.copilot-chat\debugCommand;."/>
    <property name="java.vm.info" value="mixed mode, sharing"/>
    <property name="stderr.encoding" value="UTF-8"/>
    <property name="java.vendor" value="Oracle Corporation"/>
    <property name="java.vm.version" value="24.0.1+9-30"/>
    <property name="sun.io.unicode.encoding" value="UnicodeLittle"/>
    <property name="java.class.version" value="68.0"/>
  </properties>
  <testcase name="testSearchBooks" classname="org.louploup.controller.BookControllerTest" time="0.39">
    <error message="Error while extracting response for type [class [Lorg.louploup.entity.Book;] and content type [application/json]" type="org.springframework.web.client.RestClientException"><![CDATA[org.springframework.web.client.RestClientException: Error while extracting response for type [class [Lorg.louploup.entity.Book;] and content type [application/json]
	at org.springframework.web.client.HttpMessageConverterExtractor.extractData(HttpMessageConverterExtractor.java:119)
	at org.springframework.web.client.RestTemplate$ResponseEntityResponseExtractor.extractData(RestTemplate.java:1159)
	at org.springframework.web.client.RestTemplate$ResponseEntityResponseExtractor.extractData(RestTemplate.java:1142)
	at org.springframework.web.client.RestTemplate.doExecute(RestTemplate.java:892)
	at org.springframework.web.client.RestTemplate.execute(RestTemplate.java:790)
	at org.springframework.web.client.RestTemplate.getForEntity(RestTemplate.java:431)
	at org.springframework.boot.test.web.client.TestRestTemplate.getForEntity(TestRestTemplate.java:245)
	at org.louploup.controller.BookControllerTest.testSearchBooks(BookControllerTest.java:21)
	at java.base/java.lang.reflect.Method.invoke(Method.java:565)
	at java.base/java.util.ArrayList.forEach(ArrayList.java:1604)
	at java.base/java.util.ArrayList.forEach(ArrayList.java:1604)
Caused by: org.springframework.http.converter.HttpMessageNotReadableException: JSON parse error: Cannot deserialize value of type `[Lorg.louploup.entity.Book;` from Object value (token `JsonToken.START_OBJECT`)
	at org.springframework.http.converter.json.AbstractJackson2HttpMessageConverter.readJavaType(AbstractJackson2HttpMessageConverter.java:406)
	at org.springframework.http.converter.json.AbstractJackson2HttpMessageConverter.read(AbstractJackson2HttpMessageConverter.java:354)
	at org.springframework.web.client.HttpMessageConverterExtractor.extractData(HttpMessageConverterExtractor.java:104)
	... 10 more
Caused by: com.fasterxml.jackson.databind.exc.MismatchedInputException: Cannot deserialize value of type `[Lorg.louploup.entity.Book;` from Object value (token `JsonToken.START_OBJECT`)
 at [Source: (org.springframework.util.StreamUtils$NonClosingInputStream); line: 1, column: 1]
	at com.fasterxml.jackson.databind.exc.MismatchedInputException.from(MismatchedInputException.java:59)
	at com.fasterxml.jackson.databind.DeserializationContext.reportInputMismatch(DeserializationContext.java:1752)
	at com.fasterxml.jackson.databind.DeserializationContext.handleUnexpectedToken(DeserializationContext.java:1526)
	at com.fasterxml.jackson.databind.DeserializationContext.handleUnexpectedToken(DeserializationContext.java:1473)
	at com.fasterxml.jackson.databind.deser.std.ObjectArrayDeserializer.handleNonArray(ObjectArrayDeserializer.java:345)
	at com.fasterxml.jackson.databind.deser.std.ObjectArrayDeserializer.deserialize(ObjectArrayDeserializer.java:197)
	at com.fasterxml.jackson.databind.deser.std.ObjectArrayDeserializer.deserialize(ObjectArrayDeserializer.java:27)
	at com.fasterxml.jackson.databind.deser.DefaultDeserializationContext.readRootValue(DefaultDeserializationContext.java:323)
	at com.fasterxml.jackson.databind.ObjectReader._bindAndClose(ObjectReader.java:2105)
	at com.fasterxml.jackson.databind.ObjectReader.readValue(ObjectReader.java:1481)
	at org.springframework.http.converter.json.AbstractJackson2HttpMessageConverter.readJavaType(AbstractJackson2HttpMessageConverter.java:395)
	... 12 more
]]></error>
    <system-out><![CDATA[01:31:09.041 [main] INFO org.springframework.test.context.support.AnnotationConfigContextLoaderUtils -- Could not detect default configuration classes for test class [org.louploup.controller.BookControllerTest]: BookControllerTest does not declare any static, non-private, non-final, nested classes annotated with @Configuration.
01:31:09.105 [main] INFO org.springframework.boot.test.context.SpringBootTestContextBootstrapper -- Found @SpringBootConfiguration org.louploup.App for test class org.louploup.controller.BookControllerTest

  .   ____          _            __ _ _
 /\\ / ___'_ __ _ _(_)_ __  __ _ \ \ \ \
( ( )\___ | '_ | '_| | '_ \/ _` | \ \ \ \
 \\/  ___)| |_)| | | | | || (_| |  ) ) ) )
  '  |____| .__|_| |_|_| |_\__, | / / / /
 =========|_|==============|___/=/_/_/_/
 :: Spring Boot ::                (v3.2.6)

2025-06-24T01:31:09.373-04:00  INFO 19544 --- [           main] o.l.controller.BookControllerTest        : Starting BookControllerTest using Java 24.0.1 with PID 19544 (started by Louploup in D:\Dev_Projects\Copilot_Projects\book-search)
2025-06-24T01:31:09.374-04:00  INFO 19544 --- [           main] o.l.controller.BookControllerTest        : No active profile set, falling back to 1 default profile: "default"
2025-06-24T01:31:09.784-04:00  INFO 19544 --- [           main] .s.d.r.c.RepositoryConfigurationDelegate : Bootstrapping Spring Data JPA repositories in DEFAULT mode.
2025-06-24T01:31:09.814-04:00  INFO 19544 --- [           main] .s.d.r.c.RepositoryConfigurationDelegate : Finished Spring Data repository scanning in 25 ms. Found 1 JPA repository interface.
2025-06-24T01:31:10.208-04:00  INFO 19544 --- [           main] o.s.b.w.embedded.tomcat.TomcatWebServer  : Tomcat initialized with port 0 (http)
2025-06-24T01:31:10.216-04:00  INFO 19544 --- [           main] o.apache.catalina.core.StandardService   : Starting service [Tomcat]
2025-06-24T01:31:10.216-04:00  INFO 19544 --- [           main] o.apache.catalina.core.StandardEngine    : Starting Servlet engine: [Apache Tomcat/10.1.24]
2025-06-24T01:31:10.252-04:00  INFO 19544 --- [           main] o.a.c.c.C.[Tomcat].[localhost].[/]       : Initializing Spring embedded WebApplicationContext
2025-06-24T01:31:10.253-04:00  INFO 19544 --- [           main] w.s.c.ServletWebServerApplicationContext : Root WebApplicationContext: initialization completed in 868 ms
2025-06-24T01:31:10.419-04:00  INFO 19544 --- [           main] o.hibernate.jpa.internal.util.LogHelper  : HHH000204: Processing PersistenceUnitInfo [name: default]
2025-06-24T01:31:10.480-04:00  INFO 19544 --- [           main] org.hibernate.Version                    : HHH000412: Hibernate ORM core version 6.4.8.Final
2025-06-24T01:31:10.502-04:00  INFO 19544 --- [           main] o.h.c.internal.RegionFactoryInitiator    : HHH000026: Second-level cache disabled
2025-06-24T01:31:10.669-04:00  INFO 19544 --- [           main] o.s.o.j.p.SpringPersistenceUnitInfo      : No LoadTimeWeaver setup: ignoring JPA class transformer
2025-06-24T01:31:10.685-04:00  INFO 19544 --- [           main] com.zaxxer.hikari.HikariDataSource       : HikariPool-1 - Starting...
2025-06-24T01:31:10.815-04:00  INFO 19544 --- [           main] com.zaxxer.hikari.pool.HikariPool        : HikariPool-1 - Added connection org.postgresql.jdbc.PgConnection@6e517c9e
2025-06-24T01:31:10.816-04:00  INFO 19544 --- [           main] com.zaxxer.hikari.HikariDataSource       : HikariPool-1 - Start completed.
2025-06-24T01:31:10.836-04:00  WARN 19544 --- [           main] org.hibernate.orm.deprecation            : HHH90000025: PostgreSQLDialect does not need to be specified explicitly using 'hibernate.dialect' (remove the property setting and it will be selected by default)
2025-06-24T01:31:11.362-04:00  INFO 19544 --- [           main] o.h.e.t.j.p.i.JtaPlatformInitiator       : HHH000489: No JTA platform available (set 'hibernate.transaction.jta.platform' to enable JTA platform integration)
2025-06-24T01:31:11.363-04:00  INFO 19544 --- [           main] j.LocalContainerEntityManagerFactoryBean : Initialized JPA EntityManagerFactory for persistence unit 'default'
2025-06-24T01:31:11.543-04:00  INFO 19544 --- [           main] o.s.d.j.r.query.QueryEnhancerFactory     : Hibernate is in classpath; If applicable, HQL parser will be used.
2025-06-24T01:31:11.592-04:00  WARN 19544 --- [           main] JpaBaseConfiguration$JpaWebConfiguration : spring.jpa.open-in-view is enabled by default. Therefore, database queries may be performed during view rendering. Explicitly configure spring.jpa.open-in-view to disable this warning
2025-06-24T01:31:11.998-04:00  INFO 19544 --- [           main] o.s.b.w.embedded.tomcat.TomcatWebServer  : Tomcat started on port 3114 (http) with context path ''
2025-06-24T01:31:12.007-04:00  INFO 19544 --- [           main] o.l.controller.BookControllerTest        : Started BookControllerTest in 2.818 seconds (process running for 3.468)
2025-06-24T01:31:12.331-04:00  INFO 19544 --- [o-auto-1-exec-1] o.a.c.c.C.[Tomcat].[localhost].[/]       : Initializing Spring DispatcherServlet 'dispatcherServlet'
2025-06-24T01:31:12.332-04:00  INFO 19544 --- [o-auto-1-exec-1] o.s.web.servlet.DispatcherServlet        : Initializing Servlet 'dispatcherServlet'
2025-06-24T01:31:12.332-04:00  INFO 19544 --- [o-auto-1-exec-1] o.s.web.servlet.DispatcherServlet        : Completed initialization in 0 ms
]]></system-out>
    <system-err><![CDATA[WARNING: A Java agent has been loaded dynamically (D:\Dev_Tools\Maven\apache-maven-3.9.6\mvn_repo\net\bytebuddy\byte-buddy-agent\1.14.16\byte-buddy-agent-1.14.16.jar)
WARNING: If a serviceability tool is in use, please run with -XX:+EnableDynamicAgentLoading to hide this warning
WARNING: If a serviceability tool is not in use, please run with -Djdk.instrument.traceUsage for more information
WARNING: Dynamic loading of agents will be disallowed by default in a future release
]]></system-err>
  </testcase>
</testsuite>